<?xml version="1.0" encoding="UTF-8"?>
<!-- Generated by org.testng.reporters.JUnitXMLReporter -->
<testsuite ignored="1" hostname="Vinayak" failures="2" tests="3" name="project4" time="30.623" errors="0" timestamp="2023-08-12T20:56:10 IST">
  <testcase classname="HardAssertionsExample" name="testcase1" time="8.977"/>
  <testcase classname="HardAssertionsExample" name="testcase2" time="5.56">
    <failure type="java.lang.AssertionError" message="title of the page is not same/matches expected [google] but found [Google]">
      <![CDATA[java.lang.AssertionError: title of the page is not same/matches expected [google] but found [Google]
at HardAssertionsExample.testcase2(HardAssertionsExample.java:58)
at java.base/java.util.ArrayList.forEach(ArrayList.java:1541)
... Removed 31 stack frames]]>
    </failure>
  </testcase> <!-- testcase2 -->
  <testcase classname="HardAssertionsExample" name="testcase4" time="5.329">
    <failure type="java.lang.AssertionError" message="title of the page is same/matches did not expect [Google] but found [Google]">
      <![CDATA[java.lang.AssertionError: title of the page is same/matches did not expect [Google] but found [Google]
at HardAssertionsExample.testcase4(HardAssertionsExample.java:83)
at java.base/java.util.ArrayList.forEach(ArrayList.java:1541)
... Removed 30 stack frames]]>
    </failure>
  </testcase> <!-- testcase4 -->
  <testcase classname="HardAssertionsExample" name="testcase3" time="0.0">
    <ignored/>
  </testcase> <!-- testcase3 -->
</testsuite> <!-- project4 -->
